/home/sanket/data_conv/install/latlong_utm/lib/python3.8/site-packages/latlong_utm/latlon.py
/home/sanket/data_conv/install/latlong_utm/lib/python3.8/site-packages/latlong_utm/utm_to_latlong.py
/home/sanket/data_conv/install/latlong_utm/lib/python3.8/site-packages/latlong_utm/latlong_to_utm.py
/home/sanket/data_conv/install/latlong_utm/lib/python3.8/site-packages/latlong_utm/utmpubfunc.py
/home/sanket/data_conv/install/latlong_utm/lib/python3.8/site-packages/latlong_utm/__init__.py
/home/sanket/data_conv/install/latlong_utm/lib/python3.8/site-packages/latlong_utm/__pycache__/latlon.cpython-38.pyc
/home/sanket/data_conv/install/latlong_utm/lib/python3.8/site-packages/latlong_utm/__pycache__/utm_to_latlong.cpython-38.pyc
/home/sanket/data_conv/install/latlong_utm/lib/python3.8/site-packages/latlong_utm/__pycache__/latlong_to_utm.cpython-38.pyc
/home/sanket/data_conv/install/latlong_utm/lib/python3.8/site-packages/latlong_utm/__pycache__/utmpubfunc.cpython-38.pyc
/home/sanket/data_conv/install/latlong_utm/lib/python3.8/site-packages/latlong_utm/__pycache__/__init__.cpython-38.pyc
/home/sanket/data_conv/install/latlong_utm/share/ament_index/resource_index/packages/latlong_utm
/home/sanket/data_conv/install/latlong_utm/share/latlong_utm/package.xml
/home/sanket/data_conv/install/latlong_utm/lib/python3.8/site-packages/latlong_utm-0.0.0-py3.8.egg-info/top_level.txt
/home/sanket/data_conv/install/latlong_utm/lib/python3.8/site-packages/latlong_utm-0.0.0-py3.8.egg-info/requires.txt
/home/sanket/data_conv/install/latlong_utm/lib/python3.8/site-packages/latlong_utm-0.0.0-py3.8.egg-info/zip-safe
/home/sanket/data_conv/install/latlong_utm/lib/python3.8/site-packages/latlong_utm-0.0.0-py3.8.egg-info/entry_points.txt
/home/sanket/data_conv/install/latlong_utm/lib/python3.8/site-packages/latlong_utm-0.0.0-py3.8.egg-info/SOURCES.txt
/home/sanket/data_conv/install/latlong_utm/lib/python3.8/site-packages/latlong_utm-0.0.0-py3.8.egg-info/PKG-INFO
/home/sanket/data_conv/install/latlong_utm/lib/python3.8/site-packages/latlong_utm-0.0.0-py3.8.egg-info/dependency_links.txt
/home/sanket/data_conv/install/latlong_utm/lib/latlong_utm/latlonpub
/home/sanket/data_conv/install/latlong_utm/lib/latlong_utm/lattoutm
/home/sanket/data_conv/install/latlong_utm/lib/latlong_utm/utmpub
/home/sanket/data_conv/install/latlong_utm/lib/latlong_utm/utmtolat
