[0.302s] Invoking command in '/home/sanket/data_conv/src/latlong_utm': PYTHONPATH=/home/sanket/data_conv/install/latlong_utm/lib/python3.8/site-packages:${PYTHONPATH} /usr/bin/python3 setup.py egg_info --egg-base /home/sanket/data_conv/build/latlong_utm build --build-base /home/sanket/data_conv/build/latlong_utm/build install --prefix /home/sanket/data_conv/install/latlong_utm --record /home/sanket/data_conv/build/latlong_utm/install.log --single-version-externally-managed
[0.547s] running egg_info
[0.548s] writing /home/sanket/data_conv/build/latlong_utm/latlong_utm.egg-info/PKG-INFO
[0.549s] writing dependency_links to /home/sanket/data_conv/build/latlong_utm/latlong_utm.egg-info/dependency_links.txt
[0.549s] writing entry points to /home/sanket/data_conv/build/latlong_utm/latlong_utm.egg-info/entry_points.txt
[0.549s] writing requirements to /home/sanket/data_conv/build/latlong_utm/latlong_utm.egg-info/requires.txt
[0.549s] writing top-level names to /home/sanket/data_conv/build/latlong_utm/latlong_utm.egg-info/top_level.txt
[0.585s] reading manifest file '/home/sanket/data_conv/build/latlong_utm/latlong_utm.egg-info/SOURCES.txt'
[0.586s] writing manifest file '/home/sanket/data_conv/build/latlong_utm/latlong_utm.egg-info/SOURCES.txt'
[0.586s] running build
[0.586s] running build_py
[0.587s] copying latlong_utm/latlong_to_utm.py -> /home/sanket/data_conv/build/latlong_utm/build/lib/latlong_utm
[0.587s] running install
[0.588s] running install_lib
[0.589s] copying /home/sanket/data_conv/build/latlong_utm/build/lib/latlong_utm/latlong_to_utm.py -> /home/sanket/data_conv/install/latlong_utm/lib/python3.8/site-packages/latlong_utm
[0.590s] byte-compiling /home/sanket/data_conv/install/latlong_utm/lib/python3.8/site-packages/latlong_utm/latlong_to_utm.py to latlong_to_utm.cpython-38.pyc
[0.591s] running install_data
[0.592s] running install_egg_info
[0.594s] removing '/home/sanket/data_conv/install/latlong_utm/lib/python3.8/site-packages/latlong_utm-0.0.0-py3.8.egg-info' (and everything under it)
[0.595s] Copying /home/sanket/data_conv/build/latlong_utm/latlong_utm.egg-info to /home/sanket/data_conv/install/latlong_utm/lib/python3.8/site-packages/latlong_utm-0.0.0-py3.8.egg-info
[0.596s] running install_scripts
[0.613s] Installing latlonpub script to /home/sanket/data_conv/install/latlong_utm/lib/latlong_utm
[0.613s] Installing lattoutm script to /home/sanket/data_conv/install/latlong_utm/lib/latlong_utm
[0.614s] Installing utmpub script to /home/sanket/data_conv/install/latlong_utm/lib/latlong_utm
[0.614s] Installing utmtolat script to /home/sanket/data_conv/install/latlong_utm/lib/latlong_utm
[0.614s] writing list of installed files to '/home/sanket/data_conv/build/latlong_utm/install.log'
[0.641s] Invoked command in '/home/sanket/data_conv/src/latlong_utm' returned '0': PYTHONPATH=/home/sanket/data_conv/install/latlong_utm/lib/python3.8/site-packages:${PYTHONPATH} /usr/bin/python3 setup.py egg_info --egg-base /home/sanket/data_conv/build/latlong_utm build --build-base /home/sanket/data_conv/build/latlong_utm/build install --prefix /home/sanket/data_conv/install/latlong_utm --record /home/sanket/data_conv/build/latlong_utm/install.log --single-version-externally-managed
