[11.394s] DEBUG:colcon:Command line arguments: ['/usr/bin/colcon', 'build', '--packages-select', 'latlong_utm']
[11.394s] DEBUG:colcon:Parsed command line arguments: Namespace(ament_cmake_args=None, base_paths=['.'], build_base='build', catkin_cmake_args=None, catkin_skip_building_tests=False, cmake_args=None, cmake_clean_cache=False, cmake_clean_first=False, cmake_force_configure=False, cmake_target=None, cmake_target_skip_unavailable=False, continue_on_error=False, event_handlers=None, executor='parallel', ignore_user_meta=False, install_base='install', log_base=None, log_level=None, main=<bound method BuildVerb.main of <colcon_core.verb.build.BuildVerb object at 0x7fc5afca2430>>, merge_install=False, metas=['./colcon.meta'], packages_above=None, packages_above_and_dependencies=None, packages_above_depth=None, packages_end=None, packages_ignore=None, packages_ignore_regex=None, packages_select=['latlong_utm'], packages_select_build_failed=False, packages_select_by_dep=None, packages_select_regex=None, packages_select_test_failures=False, packages_skip=None, packages_skip_build_finished=False, packages_skip_by_dep=None, packages_skip_regex=None, packages_skip_test_passed=False, packages_skip_up_to=None, packages_start=None, packages_up_to=None, packages_up_to_regex=None, parallel_workers=8, paths=None, symlink_install=False, test_result_base=None, verb_extension=<colcon_core.verb.build.BuildVerb object at 0x7fc5afca2430>, verb_name='build', verb_parser=<colcon_defaults.argument_parser.defaults.DefaultArgumentsDecorator object at 0x7fc5afca28e0>)
[11.898s] Level 1:colcon.colcon_core.package_discovery:discover_packages(colcon_meta) check parameters
[11.898s] Level 1:colcon.colcon_core.package_discovery:discover_packages(recursive) check parameters
[11.898s] Level 1:colcon.colcon_core.package_discovery:discover_packages(ignore) check parameters
[11.899s] Level 1:colcon.colcon_core.package_discovery:discover_packages(path) check parameters
[11.899s] Level 1:colcon.colcon_core.package_discovery:discover_packages(colcon_meta) discover
[11.899s] Level 1:colcon.colcon_core.package_discovery:discover_packages(recursive) discover
[11.899s] INFO:colcon.colcon_core.package_discovery:Crawling recursively for packages in '/home/sanket/data_conv'
[11.900s] Level 1:colcon.colcon_core.package_identification:_identify(.) by extensions ['ignore', 'ignore_ament_install']
[11.900s] Level 1:colcon.colcon_core.package_identification:_identify(.) by extension 'ignore'
[11.900s] Level 1:colcon.colcon_core.package_identification:_identify(.) by extension 'ignore_ament_install'
[11.901s] Level 1:colcon.colcon_core.package_identification:_identify(.) by extensions ['colcon_pkg']
[11.901s] Level 1:colcon.colcon_core.package_identification:_identify(.) by extension 'colcon_pkg'
[11.901s] Level 1:colcon.colcon_core.package_identification:_identify(.) by extensions ['colcon_meta']
[11.901s] Level 1:colcon.colcon_core.package_identification:_identify(.) by extension 'colcon_meta'
[11.901s] Level 1:colcon.colcon_core.package_identification:_identify(.) by extensions ['ros']
[11.901s] Level 1:colcon.colcon_core.package_identification:_identify(.) by extension 'ros'
[11.935s] Level 1:colcon.colcon_core.package_identification:_identify(.) by extensions ['cmake', 'python']
[11.935s] Level 1:colcon.colcon_core.package_identification:_identify(.) by extension 'cmake'
[11.935s] Level 1:colcon.colcon_core.package_identification:_identify(.) by extension 'python'
[11.935s] Level 1:colcon.colcon_core.package_identification:_identify(.) by extensions ['python_setup_py']
[11.935s] Level 1:colcon.colcon_core.package_identification:_identify(.) by extension 'python_setup_py'
[11.935s] Level 1:colcon.colcon_core.package_identification:_identify(build) by extensions ['ignore', 'ignore_ament_install']
[11.935s] Level 1:colcon.colcon_core.package_identification:_identify(build) by extension 'ignore'
[11.935s] Level 1:colcon.colcon_core.package_identification:_identify(build) ignored
[11.936s] Level 1:colcon.colcon_core.package_identification:_identify(install) by extensions ['ignore', 'ignore_ament_install']
[11.936s] Level 1:colcon.colcon_core.package_identification:_identify(install) by extension 'ignore'
[11.936s] Level 1:colcon.colcon_core.package_identification:_identify(install) ignored
[11.936s] Level 1:colcon.colcon_core.package_identification:_identify(log) by extensions ['ignore', 'ignore_ament_install']
[11.936s] Level 1:colcon.colcon_core.package_identification:_identify(log) by extension 'ignore'
[11.936s] Level 1:colcon.colcon_core.package_identification:_identify(log) ignored
[11.936s] Level 1:colcon.colcon_core.package_identification:_identify(src) by extensions ['ignore', 'ignore_ament_install']
[11.936s] Level 1:colcon.colcon_core.package_identification:_identify(src) by extension 'ignore'
[11.936s] Level 1:colcon.colcon_core.package_identification:_identify(src) by extension 'ignore_ament_install'
[11.937s] Level 1:colcon.colcon_core.package_identification:_identify(src) by extensions ['colcon_pkg']
[11.937s] Level 1:colcon.colcon_core.package_identification:_identify(src) by extension 'colcon_pkg'
[11.937s] Level 1:colcon.colcon_core.package_identification:_identify(src) by extensions ['colcon_meta']
[11.937s] Level 1:colcon.colcon_core.package_identification:_identify(src) by extension 'colcon_meta'
[11.937s] Level 1:colcon.colcon_core.package_identification:_identify(src) by extensions ['ros']
[11.937s] Level 1:colcon.colcon_core.package_identification:_identify(src) by extension 'ros'
[11.937s] Level 1:colcon.colcon_core.package_identification:_identify(src) by extensions ['cmake', 'python']
[11.937s] Level 1:colcon.colcon_core.package_identification:_identify(src) by extension 'cmake'
[11.937s] Level 1:colcon.colcon_core.package_identification:_identify(src) by extension 'python'
[11.937s] Level 1:colcon.colcon_core.package_identification:_identify(src) by extensions ['python_setup_py']
[11.937s] Level 1:colcon.colcon_core.package_identification:_identify(src) by extension 'python_setup_py'
[11.937s] Level 1:colcon.colcon_core.package_identification:_identify(src/latlong_utm) by extensions ['ignore', 'ignore_ament_install']
[11.937s] Level 1:colcon.colcon_core.package_identification:_identify(src/latlong_utm) by extension 'ignore'
[11.937s] Level 1:colcon.colcon_core.package_identification:_identify(src/latlong_utm) by extension 'ignore_ament_install'
[11.938s] Level 1:colcon.colcon_core.package_identification:_identify(src/latlong_utm) by extensions ['colcon_pkg']
[11.938s] Level 1:colcon.colcon_core.package_identification:_identify(src/latlong_utm) by extension 'colcon_pkg'
[11.938s] Level 1:colcon.colcon_core.package_identification:_identify(src/latlong_utm) by extensions ['colcon_meta']
[11.938s] Level 1:colcon.colcon_core.package_identification:_identify(src/latlong_utm) by extension 'colcon_meta'
[11.938s] Level 1:colcon.colcon_core.package_identification:_identify(src/latlong_utm) by extensions ['ros']
[11.938s] Level 1:colcon.colcon_core.package_identification:_identify(src/latlong_utm) by extension 'ros'
[11.941s] DEBUG:colcon.colcon_core.package_identification:Package 'src/latlong_utm' with type 'ros.ament_python' and name 'latlong_utm'
[11.941s] Level 1:colcon.colcon_core.package_discovery:discover_packages(recursive) using defaults
[11.941s] Level 1:colcon.colcon_core.package_discovery:discover_packages(ignore) discover
[11.941s] Level 1:colcon.colcon_core.package_discovery:discover_packages(ignore) using defaults
[11.941s] Level 1:colcon.colcon_core.package_discovery:discover_packages(path) discover
[11.941s] Level 1:colcon.colcon_core.package_discovery:discover_packages(path) using defaults
[12.013s] Level 5:colcon.colcon_core.verb:set package 'latlong_utm' build argument 'cmake_args' from command line to 'None'
[12.013s] Level 5:colcon.colcon_core.verb:set package 'latlong_utm' build argument 'cmake_target' from command line to 'None'
[12.013s] Level 5:colcon.colcon_core.verb:set package 'latlong_utm' build argument 'cmake_target_skip_unavailable' from command line to 'False'
[12.013s] Level 5:colcon.colcon_core.verb:set package 'latlong_utm' build argument 'cmake_clean_cache' from command line to 'False'
[12.013s] Level 5:colcon.colcon_core.verb:set package 'latlong_utm' build argument 'cmake_clean_first' from command line to 'False'
[12.013s] Level 5:colcon.colcon_core.verb:set package 'latlong_utm' build argument 'cmake_force_configure' from command line to 'False'
[12.013s] Level 5:colcon.colcon_core.verb:set package 'latlong_utm' build argument 'ament_cmake_args' from command line to 'None'
[12.013s] Level 5:colcon.colcon_core.verb:set package 'latlong_utm' build argument 'catkin_cmake_args' from command line to 'None'
[12.013s] Level 5:colcon.colcon_core.verb:set package 'latlong_utm' build argument 'catkin_skip_building_tests' from command line to 'False'
[12.013s] DEBUG:colcon.colcon_core.verb:Building package 'latlong_utm' with the following arguments: {'ament_cmake_args': None, 'build_base': '/home/sanket/data_conv/build/latlong_utm', 'catkin_cmake_args': None, 'catkin_skip_building_tests': False, 'cmake_args': None, 'cmake_clean_cache': False, 'cmake_clean_first': False, 'cmake_force_configure': False, 'cmake_target': None, 'cmake_target_skip_unavailable': False, 'install_base': '/home/sanket/data_conv/install/latlong_utm', 'merge_install': False, 'path': '/home/sanket/data_conv/src/latlong_utm', 'symlink_install': False, 'test_result_base': None}
[12.013s] INFO:colcon.colcon_core.executor:Executing jobs using 'parallel' executor
[12.016s] DEBUG:colcon.colcon_parallel_executor.executor.parallel:run_until_complete
[12.016s] INFO:colcon.colcon_ros.task.ament_python.build:Building ROS package in '/home/sanket/data_conv/src/latlong_utm' with build type 'ament_python'
[12.016s] Level 1:colcon.colcon_core.shell:create_environment_hook('latlong_utm', 'ament_prefix_path')
[12.175s] INFO:colcon.colcon_core.plugin_system:Skipping extension 'colcon_core.shell.bat': Not used on non-Windows systems
[12.175s] INFO:colcon.colcon_core.shell:Creating environment hook '/home/sanket/data_conv/install/latlong_utm/share/latlong_utm/hook/ament_prefix_path.ps1'
[12.213s] INFO:colcon.colcon_core.shell:Creating environment descriptor '/home/sanket/data_conv/install/latlong_utm/share/latlong_utm/hook/ament_prefix_path.dsv'
[12.299s] INFO:colcon.colcon_core.shell:Creating environment hook '/home/sanket/data_conv/install/latlong_utm/share/latlong_utm/hook/ament_prefix_path.sh'
[12.358s] INFO:colcon.colcon_core.shell:Skip shell extension 'powershell' for command environment: Not usable outside of PowerShell
[12.359s] DEBUG:colcon.colcon_core.shell:Skip shell extension 'dsv' for command environment
[12.581s] DEBUG:colcon.colcon_core.shell:Ignoring prefix path '/opt/ros/foxy'
[12.941s] INFO:colcon.colcon_core.task.python.build:Building Python package in '/home/sanket/data_conv/src/latlong_utm'
[12.943s] INFO:colcon.colcon_core.shell:Skip shell extension 'powershell' for command environment: Not usable outside of PowerShell
[12.943s] DEBUG:colcon.colcon_core.shell:Skip shell extension 'dsv' for command environment
[12.944s] DEBUG:colcon.colcon_core.shell:Ignoring prefix path '/opt/ros/foxy'
[12.952s] DEBUG:colcon.colcon_core.event_handler.log_command:Invoking command in '/home/sanket/data_conv/src/latlong_utm': PYTHONPATH=/home/sanket/data_conv/install/latlong_utm/lib/python3.8/site-packages:${PYTHONPATH} /usr/bin/python3 setup.py egg_info --egg-base /home/sanket/data_conv/build/latlong_utm build --build-base /home/sanket/data_conv/build/latlong_utm/build install --prefix /home/sanket/data_conv/install/latlong_utm --record /home/sanket/data_conv/build/latlong_utm/install.log --single-version-externally-managed
[13.803s] DEBUG:colcon.colcon_core.event_handler.log_command:Invoked command in '/home/sanket/data_conv/src/latlong_utm' returned '0': PYTHONPATH=/home/sanket/data_conv/install/latlong_utm/lib/python3.8/site-packages:${PYTHONPATH} /usr/bin/python3 setup.py egg_info --egg-base /home/sanket/data_conv/build/latlong_utm build --build-base /home/sanket/data_conv/build/latlong_utm/build install --prefix /home/sanket/data_conv/install/latlong_utm --record /home/sanket/data_conv/build/latlong_utm/install.log --single-version-externally-managed
[13.888s] Level 1:colcon.colcon_core.environment:checking '/home/sanket/data_conv/install/latlong_utm' for CMake module files
[13.889s] Level 1:colcon.colcon_core.environment:checking '/home/sanket/data_conv/install/latlong_utm' for CMake config files
[13.890s] Level 1:colcon.colcon_core.environment:checking '/home/sanket/data_conv/install/latlong_utm/lib'
[13.891s] Level 1:colcon.colcon_core.environment:checking '/home/sanket/data_conv/install/latlong_utm/bin'
[13.891s] Level 1:colcon.colcon_core.environment:checking '/home/sanket/data_conv/install/latlong_utm/lib/pkgconfig/latlong_utm.pc'
[13.891s] Level 1:colcon.colcon_core.environment:checking '/home/sanket/data_conv/install/latlong_utm/lib/python3.8/site-packages'
[13.892s] Level 1:colcon.colcon_core.shell:create_environment_hook('latlong_utm', 'pythonpath')
[13.893s] INFO:colcon.colcon_core.shell:Creating environment hook '/home/sanket/data_conv/install/latlong_utm/share/latlong_utm/hook/pythonpath.ps1'
[13.894s] INFO:colcon.colcon_core.shell:Creating environment descriptor '/home/sanket/data_conv/install/latlong_utm/share/latlong_utm/hook/pythonpath.dsv'
[13.895s] INFO:colcon.colcon_core.shell:Creating environment hook '/home/sanket/data_conv/install/latlong_utm/share/latlong_utm/hook/pythonpath.sh'
[13.896s] Level 1:colcon.colcon_core.environment:create_environment_scripts_only(latlong_utm)
[13.897s] INFO:colcon.colcon_core.shell:Creating package script '/home/sanket/data_conv/install/latlong_utm/share/latlong_utm/package.ps1'
[13.926s] INFO:colcon.colcon_core.shell:Creating package descriptor '/home/sanket/data_conv/install/latlong_utm/share/latlong_utm/package.dsv'
[13.963s] INFO:colcon.colcon_core.shell:Creating package script '/home/sanket/data_conv/install/latlong_utm/share/latlong_utm/package.sh'
[14.009s] INFO:colcon.colcon_core.shell:Creating package script '/home/sanket/data_conv/install/latlong_utm/share/latlong_utm/package.bash'
[14.073s] INFO:colcon.colcon_core.shell:Creating package script '/home/sanket/data_conv/install/latlong_utm/share/latlong_utm/package.zsh'
[14.200s] Level 1:colcon.colcon_core.environment:create_file_with_runtime_dependencies(/home/sanket/data_conv/install/latlong_utm/share/colcon-core/packages/latlong_utm)
[14.202s] DEBUG:colcon.colcon_parallel_executor.executor.parallel:closing loop
[14.203s] DEBUG:colcon.colcon_parallel_executor.executor.parallel:loop closed
[14.204s] DEBUG:colcon.colcon_parallel_executor.executor.parallel:run_until_complete finished with '0'
[14.204s] DEBUG:colcon.colcon_core.event_reactor:joining thread
[14.347s] INFO:colcon.colcon_core.plugin_system:Skipping extension 'colcon_notification.desktop_notification.terminal_notifier': Not used on non-Darwin systems
[14.348s] INFO:colcon.colcon_core.plugin_system:Skipping extension 'colcon_notification.desktop_notification.win32': Not used on non-Windows systems
[14.348s] INFO:colcon.colcon_notification.desktop_notification:Sending desktop notification using 'notify2'
[14.386s] DEBUG:colcon.colcon_core.event_reactor:joined thread
[14.388s] INFO:colcon.colcon_core.shell:Creating prefix script '/home/sanket/data_conv/install/local_setup.ps1'
[14.400s] INFO:colcon.colcon_core.shell:Creating prefix util module '/home/sanket/data_conv/install/_local_setup_util_ps1.py'
[14.493s] INFO:colcon.colcon_core.shell:Creating prefix chain script '/home/sanket/data_conv/install/setup.ps1'
[14.549s] INFO:colcon.colcon_core.shell:Creating prefix script '/home/sanket/data_conv/install/local_setup.sh'
[14.657s] INFO:colcon.colcon_core.shell:Creating prefix util module '/home/sanket/data_conv/install/_local_setup_util_sh.py'
[14.660s] INFO:colcon.colcon_core.shell:Creating prefix chain script '/home/sanket/data_conv/install/setup.sh'
[14.719s] INFO:colcon.colcon_core.shell:Creating prefix script '/home/sanket/data_conv/install/local_setup.bash'
[14.754s] INFO:colcon.colcon_core.shell:Creating prefix chain script '/home/sanket/data_conv/install/setup.bash'
[14.856s] INFO:colcon.colcon_core.shell:Creating prefix script '/home/sanket/data_conv/install/local_setup.zsh'
[14.877s] INFO:colcon.colcon_core.shell:Creating prefix chain script '/home/sanket/data_conv/install/setup.zsh'
