[0.402s] Invoking command in '/home/sanket/data_conv/src/latlong_utm': PYTHONPATH=/home/sanket/data_conv/install/latlong_utm/lib/python3.8/site-packages:${PYTHONPATH} /usr/bin/python3 setup.py egg_info --egg-base /home/sanket/data_conv/build/latlong_utm build --build-base /home/sanket/data_conv/build/latlong_utm/build install --prefix /home/sanket/data_conv/install/latlong_utm --record /home/sanket/data_conv/build/latlong_utm/install.log --single-version-externally-managed
[0.736s] running egg_info
[0.737s] writing /home/sanket/data_conv/build/latlong_utm/latlong_utm.egg-info/PKG-INFO
[0.737s] writing dependency_links to /home/sanket/data_conv/build/latlong_utm/latlong_utm.egg-info/dependency_links.txt
[0.737s] writing entry points to /home/sanket/data_conv/build/latlong_utm/latlong_utm.egg-info/entry_points.txt
[0.738s] writing requirements to /home/sanket/data_conv/build/latlong_utm/latlong_utm.egg-info/requires.txt
[0.738s] writing top-level names to /home/sanket/data_conv/build/latlong_utm/latlong_utm.egg-info/top_level.txt
[0.789s] reading manifest file '/home/sanket/data_conv/build/latlong_utm/latlong_utm.egg-info/SOURCES.txt'
[0.790s] writing manifest file '/home/sanket/data_conv/build/latlong_utm/latlong_utm.egg-info/SOURCES.txt'
[0.790s] running build
[0.791s] running build_py
[0.791s] copying latlong_utm/utm_to_latlong.py -> /home/sanket/data_conv/build/latlong_utm/build/lib/latlong_utm
[0.791s] running install
[0.792s] running install_lib
[0.794s] copying /home/sanket/data_conv/build/latlong_utm/build/lib/latlong_utm/utm_to_latlong.py -> /home/sanket/data_conv/install/latlong_utm/lib/python3.8/site-packages/latlong_utm
[0.795s] byte-compiling /home/sanket/data_conv/install/latlong_utm/lib/python3.8/site-packages/latlong_utm/utm_to_latlong.py to utm_to_latlong.cpython-38.pyc
[0.798s] running install_data
[0.799s] running install_egg_info
[0.801s] removing '/home/sanket/data_conv/install/latlong_utm/lib/python3.8/site-packages/latlong_utm-0.0.0-py3.8.egg-info' (and everything under it)
[0.802s] Copying /home/sanket/data_conv/build/latlong_utm/latlong_utm.egg-info to /home/sanket/data_conv/install/latlong_utm/lib/python3.8/site-packages/latlong_utm-0.0.0-py3.8.egg-info
[0.803s] running install_scripts
[0.830s] Installing latlonpub script to /home/sanket/data_conv/install/latlong_utm/lib/latlong_utm
[0.831s] Installing lattoutm script to /home/sanket/data_conv/install/latlong_utm/lib/latlong_utm
[0.831s] Installing utmpub script to /home/sanket/data_conv/install/latlong_utm/lib/latlong_utm
[0.831s] Installing utmtolat script to /home/sanket/data_conv/install/latlong_utm/lib/latlong_utm
[0.832s] writing list of installed files to '/home/sanket/data_conv/build/latlong_utm/install.log'
[0.874s] Invoked command in '/home/sanket/data_conv/src/latlong_utm' returned '0': PYTHONPATH=/home/sanket/data_conv/install/latlong_utm/lib/python3.8/site-packages:${PYTHONPATH} /usr/bin/python3 setup.py egg_info --egg-base /home/sanket/data_conv/build/latlong_utm build --build-base /home/sanket/data_conv/build/latlong_utm/build install --prefix /home/sanket/data_conv/install/latlong_utm --record /home/sanket/data_conv/build/latlong_utm/install.log --single-version-externally-managed
