running egg_info
writing /home/sanket/data_conv/build/latlong_utm/latlong_utm.egg-info/PKG-INFO
writing dependency_links to /home/sanket/data_conv/build/latlong_utm/latlong_utm.egg-info/dependency_links.txt
writing entry points to /home/sanket/data_conv/build/latlong_utm/latlong_utm.egg-info/entry_points.txt
writing requirements to /home/sanket/data_conv/build/latlong_utm/latlong_utm.egg-info/requires.txt
writing top-level names to /home/sanket/data_conv/build/latlong_utm/latlong_utm.egg-info/top_level.txt
reading manifest file '/home/sanket/data_conv/build/latlong_utm/latlong_utm.egg-info/SOURCES.txt'
writing manifest file '/home/sanket/data_conv/build/latlong_utm/latlong_utm.egg-info/SOURCES.txt'
running build
running build_py
copying latlong_utm/latlon.py -> /home/sanket/data_conv/build/latlong_utm/build/lib/latlong_utm
copying latlong_utm/utm_to_latlong.py -> /home/sanket/data_conv/build/latlong_utm/build/lib/latlong_utm
copying latlong_utm/latlong_to_utm.py -> /home/sanket/data_conv/build/latlong_utm/build/lib/latlong_utm
copying latlong_utm/utmpubfunc.py -> /home/sanket/data_conv/build/latlong_utm/build/lib/latlong_utm
running install
running install_lib
copying /home/sanket/data_conv/build/latlong_utm/build/lib/latlong_utm/latlon.py -> /home/sanket/data_conv/install/latlong_utm/lib/python3.8/site-packages/latlong_utm
copying /home/sanket/data_conv/build/latlong_utm/build/lib/latlong_utm/utm_to_latlong.py -> /home/sanket/data_conv/install/latlong_utm/lib/python3.8/site-packages/latlong_utm
copying /home/sanket/data_conv/build/latlong_utm/build/lib/latlong_utm/latlong_to_utm.py -> /home/sanket/data_conv/install/latlong_utm/lib/python3.8/site-packages/latlong_utm
copying /home/sanket/data_conv/build/latlong_utm/build/lib/latlong_utm/utmpubfunc.py -> /home/sanket/data_conv/install/latlong_utm/lib/python3.8/site-packages/latlong_utm
byte-compiling /home/sanket/data_conv/install/latlong_utm/lib/python3.8/site-packages/latlong_utm/latlon.py to latlon.cpython-38.pyc
byte-compiling /home/sanket/data_conv/install/latlong_utm/lib/python3.8/site-packages/latlong_utm/utm_to_latlong.py to utm_to_latlong.cpython-38.pyc
byte-compiling /home/sanket/data_conv/install/latlong_utm/lib/python3.8/site-packages/latlong_utm/latlong_to_utm.py to latlong_to_utm.cpython-38.pyc
Sorry: TabError: inconsistent use of tabs and spaces in indentation (latlong_to_utm.py, line 21)
byte-compiling /home/sanket/data_conv/install/latlong_utm/lib/python3.8/site-packages/latlong_utm/utmpubfunc.py to utmpubfunc.cpython-38.pyc
running install_data
running install_egg_info
removing '/home/sanket/data_conv/install/latlong_utm/lib/python3.8/site-packages/latlong_utm-0.0.0-py3.8.egg-info' (and everything under it)
Copying /home/sanket/data_conv/build/latlong_utm/latlong_utm.egg-info to /home/sanket/data_conv/install/latlong_utm/lib/python3.8/site-packages/latlong_utm-0.0.0-py3.8.egg-info
running install_scripts
Installing latlonpub script to /home/sanket/data_conv/install/latlong_utm/lib/latlong_utm
Installing lattoutm script to /home/sanket/data_conv/install/latlong_utm/lib/latlong_utm
Installing utmpub script to /home/sanket/data_conv/install/latlong_utm/lib/latlong_utm
Installing utmtolat script to /home/sanket/data_conv/install/latlong_utm/lib/latlong_utm
writing list of installed files to '/home/sanket/data_conv/build/latlong_utm/install.log'
