[0.328s] Invoking command in '/home/sanket/data_conv/src/latlong_utm': PYTHONPATH=/home/sanket/data_conv/install/latlong_utm/lib/python3.8/site-packages:${PYTHONPATH} /usr/bin/python3 setup.py egg_info --egg-base /home/sanket/data_conv/build/latlong_utm build --build-base /home/sanket/data_conv/build/latlong_utm/build install --prefix /home/sanket/data_conv/install/latlong_utm --record /home/sanket/data_conv/build/latlong_utm/install.log --single-version-externally-managed
[0.661s] running egg_info
[0.662s] writing /home/sanket/data_conv/build/latlong_utm/latlong_utm.egg-info/PKG-INFO
[0.662s] writing dependency_links to /home/sanket/data_conv/build/latlong_utm/latlong_utm.egg-info/dependency_links.txt
[0.663s] writing entry points to /home/sanket/data_conv/build/latlong_utm/latlong_utm.egg-info/entry_points.txt
[0.663s] writing requirements to /home/sanket/data_conv/build/latlong_utm/latlong_utm.egg-info/requires.txt
[0.663s] writing top-level names to /home/sanket/data_conv/build/latlong_utm/latlong_utm.egg-info/top_level.txt
[0.794s] reading manifest file '/home/sanket/data_conv/build/latlong_utm/latlong_utm.egg-info/SOURCES.txt'
[0.804s] writing manifest file '/home/sanket/data_conv/build/latlong_utm/latlong_utm.egg-info/SOURCES.txt'
[0.804s] running build
[0.804s] running build_py
[0.804s] copying latlong_utm/latlon.py -> /home/sanket/data_conv/build/latlong_utm/build/lib/latlong_utm
[0.804s] copying latlong_utm/utm_to_latlong.py -> /home/sanket/data_conv/build/latlong_utm/build/lib/latlong_utm
[0.805s] copying latlong_utm/latlong_to_utm.py -> /home/sanket/data_conv/build/latlong_utm/build/lib/latlong_utm
[0.805s] copying latlong_utm/utmpubfunc.py -> /home/sanket/data_conv/build/latlong_utm/build/lib/latlong_utm
[0.805s] running install
[0.822s] running install_lib
[0.833s] copying /home/sanket/data_conv/build/latlong_utm/build/lib/latlong_utm/latlon.py -> /home/sanket/data_conv/install/latlong_utm/lib/python3.8/site-packages/latlong_utm
[0.833s] copying /home/sanket/data_conv/build/latlong_utm/build/lib/latlong_utm/utm_to_latlong.py -> /home/sanket/data_conv/install/latlong_utm/lib/python3.8/site-packages/latlong_utm
[0.833s] copying /home/sanket/data_conv/build/latlong_utm/build/lib/latlong_utm/latlong_to_utm.py -> /home/sanket/data_conv/install/latlong_utm/lib/python3.8/site-packages/latlong_utm
[0.833s] copying /home/sanket/data_conv/build/latlong_utm/build/lib/latlong_utm/utmpubfunc.py -> /home/sanket/data_conv/install/latlong_utm/lib/python3.8/site-packages/latlong_utm
[0.834s] byte-compiling /home/sanket/data_conv/install/latlong_utm/lib/python3.8/site-packages/latlong_utm/latlon.py to latlon.cpython-38.pyc
[0.836s] byte-compiling /home/sanket/data_conv/install/latlong_utm/lib/python3.8/site-packages/latlong_utm/utm_to_latlong.py to utm_to_latlong.cpython-38.pyc
[0.837s] byte-compiling /home/sanket/data_conv/install/latlong_utm/lib/python3.8/site-packages/latlong_utm/latlong_to_utm.py to latlong_to_utm.cpython-38.pyc
[0.837s] Sorry: TabError: inconsistent use of tabs and spaces in indentation (latlong_to_utm.py, line 21)
[0.837s] byte-compiling /home/sanket/data_conv/install/latlong_utm/lib/python3.8/site-packages/latlong_utm/utmpubfunc.py to utmpubfunc.cpython-38.pyc
[0.838s] running install_data
[0.839s] running install_egg_info
[0.842s] removing '/home/sanket/data_conv/install/latlong_utm/lib/python3.8/site-packages/latlong_utm-0.0.0-py3.8.egg-info' (and everything under it)
[0.842s] Copying /home/sanket/data_conv/build/latlong_utm/latlong_utm.egg-info to /home/sanket/data_conv/install/latlong_utm/lib/python3.8/site-packages/latlong_utm-0.0.0-py3.8.egg-info
[0.860s] running install_scripts
[0.903s] Installing latlonpub script to /home/sanket/data_conv/install/latlong_utm/lib/latlong_utm
[0.903s] Installing lattoutm script to /home/sanket/data_conv/install/latlong_utm/lib/latlong_utm
[0.904s] Installing utmpub script to /home/sanket/data_conv/install/latlong_utm/lib/latlong_utm
[0.904s] Installing utmtolat script to /home/sanket/data_conv/install/latlong_utm/lib/latlong_utm
[0.904s] writing list of installed files to '/home/sanket/data_conv/build/latlong_utm/install.log'
[0.931s] Invoked command in '/home/sanket/data_conv/src/latlong_utm' returned '0': PYTHONPATH=/home/sanket/data_conv/install/latlong_utm/lib/python3.8/site-packages:${PYTHONPATH} /usr/bin/python3 setup.py egg_info --egg-base /home/sanket/data_conv/build/latlong_utm build --build-base /home/sanket/data_conv/build/latlong_utm/build install --prefix /home/sanket/data_conv/install/latlong_utm --record /home/sanket/data_conv/build/latlong_utm/install.log --single-version-externally-managed
