[0.249s] Invoking command in '/home/sanket/data_conv/src/latlong_utm': PYTHONPATH=/home/sanket/data_conv/install/latlong_utm/lib/python3.8/site-packages:${PYTHONPATH} /usr/bin/python3 setup.py egg_info --egg-base /home/sanket/data_conv/build/latlong_utm build --build-base /home/sanket/data_conv/build/latlong_utm/build install --prefix /home/sanket/data_conv/install/latlong_utm --record /home/sanket/data_conv/build/latlong_utm/install.log --single-version-externally-managed
[0.459s] running egg_info
[0.460s] writing /home/sanket/data_conv/build/latlong_utm/latlong_utm.egg-info/PKG-INFO
[0.460s] writing dependency_links to /home/sanket/data_conv/build/latlong_utm/latlong_utm.egg-info/dependency_links.txt
[0.460s] writing entry points to /home/sanket/data_conv/build/latlong_utm/latlong_utm.egg-info/entry_points.txt
[0.460s] writing requirements to /home/sanket/data_conv/build/latlong_utm/latlong_utm.egg-info/requires.txt
[0.460s] writing top-level names to /home/sanket/data_conv/build/latlong_utm/latlong_utm.egg-info/top_level.txt
[0.491s] reading manifest file '/home/sanket/data_conv/build/latlong_utm/latlong_utm.egg-info/SOURCES.txt'
[0.492s] writing manifest file '/home/sanket/data_conv/build/latlong_utm/latlong_utm.egg-info/SOURCES.txt'
[0.492s] running build
[0.492s] running build_py
[0.492s] copying latlong_utm/latlong_to_utm.py -> /home/sanket/data_conv/build/latlong_utm/build/lib/latlong_utm
[0.492s] running install
[0.493s] running install_lib
[0.494s] copying /home/sanket/data_conv/build/latlong_utm/build/lib/latlong_utm/latlong_to_utm.py -> /home/sanket/data_conv/install/latlong_utm/lib/python3.8/site-packages/latlong_utm
[0.494s] byte-compiling /home/sanket/data_conv/install/latlong_utm/lib/python3.8/site-packages/latlong_utm/latlong_to_utm.py to latlong_to_utm.cpython-38.pyc
[0.496s] running install_data
[0.496s] running install_egg_info
[0.498s] removing '/home/sanket/data_conv/install/latlong_utm/lib/python3.8/site-packages/latlong_utm-0.0.0-py3.8.egg-info' (and everything under it)
[0.498s] Copying /home/sanket/data_conv/build/latlong_utm/latlong_utm.egg-info to /home/sanket/data_conv/install/latlong_utm/lib/python3.8/site-packages/latlong_utm-0.0.0-py3.8.egg-info
[0.499s] running install_scripts
[0.515s] Installing listener script to /home/sanket/data_conv/install/latlong_utm/lib/latlong_utm
[0.515s] Installing talker script to /home/sanket/data_conv/install/latlong_utm/lib/latlong_utm
[0.516s] writing list of installed files to '/home/sanket/data_conv/build/latlong_utm/install.log'
[0.538s] Invoked command in '/home/sanket/data_conv/src/latlong_utm' returned '0': PYTHONPATH=/home/sanket/data_conv/install/latlong_utm/lib/python3.8/site-packages:${PYTHONPATH} /usr/bin/python3 setup.py egg_info --egg-base /home/sanket/data_conv/build/latlong_utm build --build-base /home/sanket/data_conv/build/latlong_utm/build install --prefix /home/sanket/data_conv/install/latlong_utm --record /home/sanket/data_conv/build/latlong_utm/install.log --single-version-externally-managed
