[2.481s] DEBUG:colcon:Command line arguments: ['/usr/bin/colcon', 'build', '--packages-select', 'data_conv']
[2.481s] DEBUG:colcon:Parsed command line arguments: Namespace(ament_cmake_args=None, base_paths=['.'], build_base='build', catkin_cmake_args=None, catkin_skip_building_tests=False, cmake_args=None, cmake_clean_cache=False, cmake_clean_first=False, cmake_force_configure=False, cmake_target=None, cmake_target_skip_unavailable=False, continue_on_error=False, event_handlers=None, executor='parallel', ignore_user_meta=False, install_base='install', log_base=None, log_level=None, main=<bound method BuildVerb.main of <colcon_core.verb.build.BuildVerb object at 0x7f78fc9d4340>>, merge_install=False, metas=['./colcon.meta'], packages_above=None, packages_above_and_dependencies=None, packages_above_depth=None, packages_end=None, packages_ignore=None, packages_ignore_regex=None, packages_select=['data_conv'], packages_select_build_failed=False, packages_select_by_dep=None, packages_select_regex=None, packages_select_test_failures=False, packages_skip=None, packages_skip_build_finished=False, packages_skip_by_dep=None, packages_skip_regex=None, packages_skip_test_passed=False, packages_skip_up_to=None, packages_start=None, packages_up_to=None, packages_up_to_regex=None, parallel_workers=8, paths=None, symlink_install=False, test_result_base=None, verb_extension=<colcon_core.verb.build.BuildVerb object at 0x7f78fc9d4340>, verb_name='build', verb_parser=<colcon_defaults.argument_parser.defaults.DefaultArgumentsDecorator object at 0x7f78fc9d47f0>)
[2.641s] Level 1:colcon.colcon_core.package_discovery:discover_packages(colcon_meta) check parameters
[2.642s] Level 1:colcon.colcon_core.package_discovery:discover_packages(recursive) check parameters
[2.642s] Level 1:colcon.colcon_core.package_discovery:discover_packages(ignore) check parameters
[2.642s] Level 1:colcon.colcon_core.package_discovery:discover_packages(path) check parameters
[2.642s] Level 1:colcon.colcon_core.package_discovery:discover_packages(colcon_meta) discover
[2.642s] Level 1:colcon.colcon_core.package_discovery:discover_packages(recursive) discover
[2.642s] INFO:colcon.colcon_core.package_discovery:Crawling recursively for packages in '/home/sanket/data_conv'
[2.643s] Level 1:colcon.colcon_core.package_identification:_identify(.) by extensions ['ignore', 'ignore_ament_install']
[2.643s] Level 1:colcon.colcon_core.package_identification:_identify(.) by extension 'ignore'
[2.644s] Level 1:colcon.colcon_core.package_identification:_identify(.) by extension 'ignore_ament_install'
[2.644s] Level 1:colcon.colcon_core.package_identification:_identify(.) by extensions ['colcon_pkg']
[2.644s] Level 1:colcon.colcon_core.package_identification:_identify(.) by extension 'colcon_pkg'
[2.645s] Level 1:colcon.colcon_core.package_identification:_identify(.) by extensions ['colcon_meta']
[2.645s] Level 1:colcon.colcon_core.package_identification:_identify(.) by extension 'colcon_meta'
[2.645s] Level 1:colcon.colcon_core.package_identification:_identify(.) by extensions ['ros']
[2.645s] Level 1:colcon.colcon_core.package_identification:_identify(.) by extension 'ros'
[2.677s] Level 1:colcon.colcon_core.package_identification:_identify(.) by extensions ['cmake', 'python']
[2.677s] Level 1:colcon.colcon_core.package_identification:_identify(.) by extension 'cmake'
[2.677s] Level 1:colcon.colcon_core.package_identification:_identify(.) by extension 'python'
[2.677s] Level 1:colcon.colcon_core.package_identification:_identify(.) by extensions ['python_setup_py']
[2.677s] Level 1:colcon.colcon_core.package_identification:_identify(.) by extension 'python_setup_py'
[2.677s] Level 1:colcon.colcon_core.package_identification:_identify(build) by extensions ['ignore', 'ignore_ament_install']
[2.677s] Level 1:colcon.colcon_core.package_identification:_identify(build) by extension 'ignore'
[2.677s] Level 1:colcon.colcon_core.package_identification:_identify(build) ignored
[2.677s] Level 1:colcon.colcon_core.package_identification:_identify(install) by extensions ['ignore', 'ignore_ament_install']
[2.678s] Level 1:colcon.colcon_core.package_identification:_identify(install) by extension 'ignore'
[2.678s] Level 1:colcon.colcon_core.package_identification:_identify(install) ignored
[2.678s] Level 1:colcon.colcon_core.package_identification:_identify(log) by extensions ['ignore', 'ignore_ament_install']
[2.678s] Level 1:colcon.colcon_core.package_identification:_identify(log) by extension 'ignore'
[2.678s] Level 1:colcon.colcon_core.package_identification:_identify(log) ignored
[2.678s] Level 1:colcon.colcon_core.package_identification:_identify(src) by extensions ['ignore', 'ignore_ament_install']
[2.678s] Level 1:colcon.colcon_core.package_identification:_identify(src) by extension 'ignore'
[2.678s] Level 1:colcon.colcon_core.package_identification:_identify(src) by extension 'ignore_ament_install'
[2.678s] Level 1:colcon.colcon_core.package_identification:_identify(src) by extensions ['colcon_pkg']
[2.678s] Level 1:colcon.colcon_core.package_identification:_identify(src) by extension 'colcon_pkg'
[2.678s] Level 1:colcon.colcon_core.package_identification:_identify(src) by extensions ['colcon_meta']
[2.678s] Level 1:colcon.colcon_core.package_identification:_identify(src) by extension 'colcon_meta'
[2.679s] Level 1:colcon.colcon_core.package_identification:_identify(src) by extensions ['ros']
[2.679s] Level 1:colcon.colcon_core.package_identification:_identify(src) by extension 'ros'
[2.679s] Level 1:colcon.colcon_core.package_identification:_identify(src) by extensions ['cmake', 'python']
[2.679s] Level 1:colcon.colcon_core.package_identification:_identify(src) by extension 'cmake'
[2.679s] Level 1:colcon.colcon_core.package_identification:_identify(src) by extension 'python'
[2.679s] Level 1:colcon.colcon_core.package_identification:_identify(src) by extensions ['python_setup_py']
[2.679s] Level 1:colcon.colcon_core.package_identification:_identify(src) by extension 'python_setup_py'
[2.679s] Level 1:colcon.colcon_core.package_identification:_identify(src/latlong_utm) by extensions ['ignore', 'ignore_ament_install']
[2.679s] Level 1:colcon.colcon_core.package_identification:_identify(src/latlong_utm) by extension 'ignore'
[2.679s] Level 1:colcon.colcon_core.package_identification:_identify(src/latlong_utm) by extension 'ignore_ament_install'
[2.679s] Level 1:colcon.colcon_core.package_identification:_identify(src/latlong_utm) by extensions ['colcon_pkg']
[2.679s] Level 1:colcon.colcon_core.package_identification:_identify(src/latlong_utm) by extension 'colcon_pkg'
[2.679s] Level 1:colcon.colcon_core.package_identification:_identify(src/latlong_utm) by extensions ['colcon_meta']
[2.680s] Level 1:colcon.colcon_core.package_identification:_identify(src/latlong_utm) by extension 'colcon_meta'
[2.680s] Level 1:colcon.colcon_core.package_identification:_identify(src/latlong_utm) by extensions ['ros']
[2.680s] Level 1:colcon.colcon_core.package_identification:_identify(src/latlong_utm) by extension 'ros'
[2.683s] DEBUG:colcon.colcon_core.package_identification:Package 'src/latlong_utm' with type 'ros.ament_python' and name 'latlong_utm'
[2.683s] Level 1:colcon.colcon_core.package_discovery:discover_packages(recursive) using defaults
[2.683s] Level 1:colcon.colcon_core.package_discovery:discover_packages(ignore) discover
[2.683s] Level 1:colcon.colcon_core.package_discovery:discover_packages(ignore) using defaults
[2.683s] Level 1:colcon.colcon_core.package_discovery:discover_packages(path) discover
[2.683s] Level 1:colcon.colcon_core.package_discovery:discover_packages(path) using defaults
[2.684s] WARNING:colcon.colcon_core.package_selection:ignoring unknown package 'data_conv' in --packages-select
[2.688s] INFO:colcon.colcon_core.package_selection:Skipping not selected package 'latlong_utm' in 'src/latlong_utm'
[2.688s] INFO:colcon.colcon_core.executor:Executing jobs using 'parallel' executor
[2.690s] DEBUG:colcon.colcon_parallel_executor.executor.parallel:run_until_complete
[2.691s] DEBUG:colcon.colcon_parallel_executor.executor.parallel:closing loop
[2.691s] DEBUG:colcon.colcon_parallel_executor.executor.parallel:loop closed
[2.691s] DEBUG:colcon.colcon_parallel_executor.executor.parallel:run_until_complete finished with '0'
[2.691s] DEBUG:colcon.colcon_core.event_reactor:joining thread
[2.715s] INFO:colcon.colcon_core.plugin_system:Skipping extension 'colcon_notification.desktop_notification.terminal_notifier': Not used on non-Darwin systems
[2.715s] INFO:colcon.colcon_core.plugin_system:Skipping extension 'colcon_notification.desktop_notification.win32': Not used on non-Windows systems
[2.715s] INFO:colcon.colcon_notification.desktop_notification:Sending desktop notification using 'notify2'
[2.734s] DEBUG:colcon.colcon_core.event_reactor:joined thread
[2.748s] INFO:colcon.colcon_core.plugin_system:Skipping extension 'colcon_core.shell.bat': Not used on non-Windows systems
[2.748s] INFO:colcon.colcon_core.shell:Creating prefix script '/home/sanket/data_conv/install/local_setup.ps1'
[2.758s] INFO:colcon.colcon_core.shell:Creating prefix util module '/home/sanket/data_conv/install/_local_setup_util_ps1.py'
[2.768s] INFO:colcon.colcon_core.shell:Creating prefix chain script '/home/sanket/data_conv/install/setup.ps1'
[2.782s] INFO:colcon.colcon_core.shell:Creating prefix script '/home/sanket/data_conv/install/local_setup.sh'
[2.799s] INFO:colcon.colcon_core.shell:Creating prefix util module '/home/sanket/data_conv/install/_local_setup_util_sh.py'
[2.800s] INFO:colcon.colcon_core.shell:Creating prefix chain script '/home/sanket/data_conv/install/setup.sh'
[2.803s] INFO:colcon.colcon_core.shell:Creating prefix script '/home/sanket/data_conv/install/local_setup.bash'
[2.804s] INFO:colcon.colcon_core.shell:Creating prefix chain script '/home/sanket/data_conv/install/setup.bash'
[2.807s] INFO:colcon.colcon_core.shell:Creating prefix script '/home/sanket/data_conv/install/local_setup.zsh'
[2.817s] INFO:colcon.colcon_core.shell:Creating prefix chain script '/home/sanket/data_conv/install/setup.zsh'
